[25-Jun-2012 17:14:18] PHP Parse error:  syntax error, unexpected '{', expecting ')' in /mylibs/iris/trunk/library/Iris/MVC/View.php(104) : eval()'d code on line 8
[25-Jun-2012 17:14:53] PHP Parse error:  syntax error, unexpected '{', expecting ')' in /mylibs/iris/trunk/library/Iris/MVC/View.php(104) : eval()'d code on line 8
[25-Jun-2012 17:14:54] PHP Parse error:  syntax error, unexpected '{', expecting ')' in /mylibs/iris/trunk/library/Iris/MVC/View.php(104) : eval()'d code on line 8
[25-Jun-2012 17:14:54] PHP Parse error:  syntax error, unexpected '{', expecting ')' in /mylibs/iris/trunk/library/Iris/MVC/View.php(104) : eval()'d code on line 8
[25-Jun-2012 23:04:48] PHP Parse error:  syntax error, unexpected '<' in /mylibs/iris/trunk/library/Iris/MVC/View.php(108) : eval()'d code on line 18
[26-Jun-2012 16:41:09] PHP Fatal error:  Class '\workbench\messages\French' not found in /mylibs/iris/trunk/library/Iris_WB/application/workbench/Context.php on line 56
[26-Jun-2012 16:42:21] PHP Fatal error:  Class 'workbench\messages\French' not found in /mylibs/iris/trunk/library/Iris_WB/application/workbench/Context.php on line 56
[26-Jun-2012 16:42:43] PHP Fatal error:  Class '\workbench\messages\French' not found in /mylibs/iris/trunk/library/Iris_WB/application/workbench/Context.php on line 56
[26-Jun-2012 16:43:14] PHP Fatal error:  Class '\workbench\messages\French' not found in /mylibs/iris/trunk/library/Iris_WB/application/workbench/Context.php on line 56
[26-Jun-2012 16:43:17] PHP Fatal error:  Class '\workbench\messages\French' not found in /mylibs/iris/trunk/library/Iris_WB/application/workbench/Context.php on line 56
[26-Jun-2012 16:43:19] PHP Fatal error:  Class '\workbench\messages\French' not found in /mylibs/iris/trunk/library/Iris_WB/application/workbench/Context.php on line 56
[26-Jun-2012 17:16:25] PHP Parse error:  syntax error, unexpected T_RETURN, expecting T_FUNCTION in /mylibs/iris/trunk/library/Iris/views/helpers/ErrorComment.php on line 22
[26-Jun-2012 17:27:04] PHP Fatal error:  Class '\modules\main\messages\French' not found in /mylibs/iris/trunk/library/Iris/views/helpers/ErrorComment.php on line 25
[26-Jun-2012 17:47:49] PHP Fatal error:  Call to undefined method Iris\Exception\ResponseException::setComment() in /mylibs/iris/trunk/library/Iris/Engine/Response.php on line 193
[26-Jun-2012 21:45:14] PHP Fatal error:  Call to a member function head() on a non-object in /mylibs/iris/trunk/library/Iris/MVC/View.php(138) : eval()'d code on line 5
[26-Jun-2012 21:45:43] PHP Fatal error:  Call to a member function head() on a non-object in /mylibs/iris/trunk/library/Iris/MVC/View.php(138) : eval()'d code on line 5
[26-Jun-2012 23:26:57] PHP Fatal error:  Call to undefined method Iris\Debug::DumpAndKill() in /mylibs/iris/trunk/library/Iris/MVC/View.php(138) : eval()'d code on line 5
[26-Jun-2012 23:27:18] PHP Fatal error:  Call to undefined method Iris\Debug::DumpAndKill() in /mylibs/iris/trunk/library/Iris/MVC/View.php(138) : eval()'d code on line 5
[26-Jun-2012 23:32:47] PHP Fatal error:  Allowed memory size of 134217728 bytes exhausted (tried to allocate 261900 bytes) in /mylibs/iris/trunk/library/Iris/Engine/Loader.php on line 174
[26-Jun-2012 23:32:50] PHP Fatal error:  Allowed memory size of 134217728 bytes exhausted (tried to allocate 261900 bytes) in /mylibs/iris/trunk/library/Iris/Engine/Loader.php on line 174
[26-Jun-2012 23:58:58] PHP Parse error:  syntax error, unexpected ')', expecting ',' or ';' in /mylibs/iris/trunk/library/Iris/MVC/View.php on line 125
[27-Jun-2012 11:46:17] PHP Parse error:  syntax error, unexpected '<' in /mylibs/iris/trunk/library/Iris/MVC/View.php(138) : eval()'d code on line 6
[27-Jun-2012 12:27:02] PHP Parse error:  syntax error, unexpected T_CONSTANT_ENCAPSED_STRING, expecting ')' in /mylibs/iris/trunk/library/Iris_WB/application/workbench/Sequence.php on line 45
[27-Jun-2012 13:10:50] PHP Fatal error:  Call to private Iris\Translation\SystemTranslator::__construct() from context 'Iris\Engine\core_Bootstrap' in /mylibs/iris/trunk/library/Iris_WB/application/config/50_Config.php on line 2
[27-Jun-2012 13:57:52] PHP Parse error:  syntax error, unexpected T_ENCAPSED_AND_WHITESPACE, expecting T_STRING or T_VARIABLE or T_NUM_STRING in /mylibs/iris/trunk/library/Iris_WB/application/modules/main/controllers/ERROR.php on line 20
[27-Jun-2012 14:04:56] PHP Fatal error:  Namespace declaration statement has to be the very first statement in the script in /mylibs/iris/trunk/library/Iris_WB/application/modules/main/controllers/ERROR.php on line 3
[27-Jun-2012 14:05:06] PHP Fatal error:  Class 'modules\main\controllers\ERROR' not found in /mylibs/iris/trunk/library/Iris/Engine/Response.php on line 196
[27-Jun-2012 19:20:46] PHP Fatal error:  Using $this when not in object context in /mylibs/iris/trunk/library/Iris/Engine/Router.php on line 84
[27-Jun-2012 22:23:42] PHP Fatal error:  Access to undeclared static property: Iris\Engine\Program::$programName in /mylibs/iris/trunk/library/Iris/Engine/Router.php on line 98
[27-Jun-2012 22:39:34] PHP Fatal error:  Call to a member function getMCA() on a non-object in /mylibs/iris/trunk/library/Iris/Engine/Dispatcher.php on line 46
[27-Jun-2012 22:40:05] PHP Fatal error:  Call to a member function getMCA() on a non-object in /mylibs/iris/trunk/library/Iris/Engine/Dispatcher.php on line 46
[27-Jun-2012 22:40:06] PHP Fatal error:  Call to a member function getMCA() on a non-object in /mylibs/iris/trunk/library/Iris/Engine/Dispatcher.php on line 46
[27-Jun-2012 22:40:41] PHP Fatal error:  Call to a member function getMCA() on a non-object in /mylibs/iris/trunk/library/Iris/Engine/Dispatcher.php on line 46
[27-Jun-2012 22:40:42] PHP Fatal error:  Call to a member function getMCA() on a non-object in /mylibs/iris/trunk/library/Iris/Engine/Dispatcher.php on line 46
[27-Jun-2012 22:40:52] PHP Fatal error:  Call to a member function getMCA() on a non-object in /mylibs/iris/trunk/library/Iris/Engine/Dispatcher.php on line 46
[27-Jun-2012 22:42:25] PHP Fatal error:  Call to a member function getMCA() on a non-object in /mylibs/iris/trunk/library/Iris/Engine/Dispatcher.php on line 45
[28-Jun-2012 09:18:45] PHP Fatal error:  Class 'workbench\Sequence' not found in /mylibs/iris/trunk/library/Iris_WB/application/modules/main/views/helpers/WbFooter.php on line 26
[28-Jun-2012 09:20:29] PHP Fatal error:  Class 'workbench\Sequence' not found in /mylibs/iris/trunk/library/Iris_WB/application/modules/main/views/helpers/WbFooter.php on line 26
[28-Jun-2012 09:20:30] PHP Fatal error:  Class 'workbench\Sequence' not found in /mylibs/iris/trunk/library/Iris_WB/application/modules/main/views/helpers/WbFooter.php on line 26
[28-Jun-2012 09:20:32] PHP Fatal error:  Class 'workbench\Sequence' not found in /mylibs/iris/trunk/library/Iris_WB/application/modules/main/views/helpers/WbFooter.php on line 26
[28-Jun-2012 11:43:21] PHP Parse error:  syntax error, unexpected '}' in /mylibs/iris/trunk/library/Iris/modules/main/controllers/ERROR.php on line 71
[28-Jun-2012 12:11:34] PHP Fatal error:  Cannot override final method modules\main\controllers\core_ERROR::_init() in /mylibs/iris/trunk/library/Iris_WB/application/modules/main/controllers/ERROR.php on line 11
[29-Jun-2012 06:16:50] PHP Fatal error:  Call to a member function getMessage() on a non-object in /mylibs/iris/trunk/library/Iris/MVC/View.php on line 155
[29-Jun-2012 06:52:13] PHP Parse error:  syntax error, unexpected ';' in /mylibs/iris/trunk/library/Iris/MVC/View.php(142) : eval()'d code on line 2
[29-Jun-2012 06:52:33] PHP Parse error:  syntax error, unexpected ';' in /mylibs/iris/trunk/library/Iris/MVC/View.php(142) : eval()'d code on line 2
[29-Jun-2012 07:02:29] PHP Fatal error:  Call to undefined function imagine_function() in /mylibs/iris/trunk/library/Iris_WB/application/config/00_Debug.php on line 58
[29-Jun-2012 07:03:08] PHP Parse error:  syntax error, unexpected ';' in /mylibs/iris/trunk/library/Iris/MVC/View.php(142) : eval()'d code on line 2
[29-Jun-2012 07:07:15] PHP Parse error:  syntax error, unexpected ';' in /mylibs/iris/trunk/library/Iris/MVC/View.php(142) : eval()'d code on line 2
[29-Jun-2012 07:13:02] PHP Parse error:  syntax error, unexpected ';' in /mylibs/iris/trunk/library/Iris/MVC/View.php(142) : eval()'d code on line 2
[29-Jun-2012 08:48:15] PHP Parse error:  syntax error, unexpected ';' in /mylibs/iris/trunk/library/Iris/MVC/View.php(142) : eval()'d code on line 2
[29-Jun-2012 08:48:15] PHP Fatal error:  Uncaught syntax error, unexpected ';'
  thrown in /mylibs/iris/trunk/library/Iris/MVC/View.php(142) : eval()'d code on line 2
[29-Jun-2012 08:49:05] PHP Parse error:  syntax error, unexpected ';' in /mylibs/iris/trunk/library/Iris/MVC/View.php(142) : eval()'d code on line 2
[29-Jun-2012 08:49:05] PHP Fatal error:  Uncaught syntax error, unexpected ';'
  thrown in /mylibs/iris/trunk/library/Iris/MVC/View.php(142) : eval()'d code on line 2
[29-Jun-2012 08:49:35] PHP Parse error:  syntax error, unexpected ';' in /mylibs/iris/trunk/library/Iris/MVC/View.php(142) : eval()'d code on line 2
[29-Jun-2012 08:49:35] PHP Fatal error:  Uncaught syntax error, unexpected ';'
  thrown in /mylibs/iris/trunk/library/Iris/MVC/View.php(142) : eval()'d code on line 2
[29-Jun-2012 08:49:36] PHP Parse error:  syntax error, unexpected ';' in /mylibs/iris/trunk/library/Iris/MVC/View.php(142) : eval()'d code on line 2
[29-Jun-2012 08:49:36] PHP Fatal error:  Uncaught syntax error, unexpected ';'
  thrown in /mylibs/iris/trunk/library/Iris/MVC/View.php(142) : eval()'d code on line 2
[29-Jun-2012 08:49:40] PHP Parse error:  syntax error, unexpected ';' in /mylibs/iris/trunk/library/Iris/MVC/View.php(142) : eval()'d code on line 2
[29-Jun-2012 08:49:40] PHP Fatal error:  Uncaught syntax error, unexpected ';'
  thrown in /mylibs/iris/trunk/library/Iris/MVC/View.php(142) : eval()'d code on line 2
[29-Jun-2012 08:50:11] PHP Parse error:  syntax error, unexpected ';' in /mylibs/iris/trunk/library/Iris/MVC/View.php(142) : eval()'d code on line 2
[29-Jun-2012 08:50:11] PHP Parse error:  syntax error, unexpected ';' in /mylibs/iris/trunk/library/Iris/MVC/View.php(142) : eval()'d code on line 2
[29-Jun-2012 08:50:15] PHP Parse error:  syntax error, unexpected ';' in /mylibs/iris/trunk/library/Iris/MVC/View.php(142) : eval()'d code on line 2
[29-Jun-2012 08:50:16] PHP Parse error:  syntax error, unexpected ';' in /mylibs/iris/trunk/library/Iris/MVC/View.php(142) : eval()'d code on line 2
[29-Jun-2012 08:50:35] PHP Parse error:  syntax error, unexpected ';' in /mylibs/iris/trunk/library/Iris/MVC/View.php(142) : eval()'d code on line 2
[29-Jun-2012 08:50:37] PHP Parse error:  syntax error, unexpected ';' in /mylibs/iris/trunk/library/Iris/MVC/View.php(142) : eval()'d code on line 2
[29-Jun-2012 08:52:22] PHP Parse error:  syntax error, unexpected ';' in /mylibs/iris/trunk/library/Iris/MVC/View.php(142) : eval()'d code on line 2
[29-Jun-2012 08:52:22] PHP Fatal error:  Uncaught syntax error, unexpected ';'
  thrown in /mylibs/iris/trunk/library/Iris/MVC/View.php(142) : eval()'d code on line 2
[29-Jun-2012 08:56:14] PHP Parse error:  syntax error, unexpected ';' in /mylibs/iris/trunk/library/Iris/MVC/View.php(142) : eval()'d code on line 2
[29-Jun-2012 08:56:14] PHP Fatal error:  Class 'Iris\Exceptions\Memory' not found in /mylibs/iris/trunk/library/Iris/Exceptions/ErrorHandler.php on line 71
[29-Jun-2012 08:58:23] PHP Parse error:  syntax error, unexpected ';' in /mylibs/iris/trunk/library/Iris/MVC/View.php(142) : eval()'d code on line 2
[29-Jun-2012 08:58:23] PHP Fatal error:  Uncaught Iris\Exceptions\_ErrorException : can't find this class
  thrown in /mylibs/iris/trunk/library/Iris/Engine/Loader.php on line 447
[29-Jun-2012 08:59:31] PHP Parse error:  syntax error, unexpected ';' in /mylibs/iris/trunk/library/Iris/MVC/View.php(142) : eval()'d code on line 2
[29-Jun-2012 08:59:31] PHP Fatal error:  Class 'Iris\Exceptions\LoaderExceptions' not found in /mylibs/iris/trunk/library/Iris/Engine/Loader.php on line 447
[29-Jun-2012 09:01:12] PHP Parse error:  syntax error, unexpected ';' in /mylibs/iris/trunk/library/Iris/MVC/View.php(142) : eval()'d code on line 2
[29-Jun-2012 09:01:12] PHP Fatal error:  Class 'Iris\Exceptions\LoaderExceptions' not found in /mylibs/iris/trunk/library/Iris/Engine/Loader.php on line 447
[29-Jun-2012 09:01:15] PHP Parse error:  syntax error, unexpected ';' in /mylibs/iris/trunk/library/Iris/MVC/View.php(142) : eval()'d code on line 2
[29-Jun-2012 09:01:15] PHP Fatal error:  Class 'Iris\Exceptions\LoaderExceptions' not found in /mylibs/iris/trunk/library/Iris/Engine/Loader.php on line 447
[29-Jun-2012 09:01:17] PHP Parse error:  syntax error, unexpected ';' in /mylibs/iris/trunk/library/Iris/MVC/View.php(142) : eval()'d code on line 2
[29-Jun-2012 09:01:17] PHP Fatal error:  Class 'Iris\Exceptions\LoaderExceptions' not found in /mylibs/iris/trunk/library/Iris/Engine/Loader.php on line 447
[29-Jun-2012 09:01:26] PHP Parse error:  syntax error, unexpected ';' in /mylibs/iris/trunk/library/Iris/MVC/View.php(142) : eval()'d code on line 2
[29-Jun-2012 09:01:26] PHP Fatal error:  Uncaught Iris\Exceptions\_ErrorException : can't find this class
  thrown in /mylibs/iris/trunk/library/Iris/Engine/Loader.php on line 447
[29-Jun-2012 09:02:28] PHP Parse error:  syntax error, unexpected ';' in /mylibs/iris/trunk/library/Iris/MVC/View.php(142) : eval()'d code on line 2
[29-Jun-2012 09:03:22] PHP Parse error:  syntax error, unexpected ';' in /mylibs/iris/trunk/library/Iris/MVC/View.php(142) : eval()'d code on line 2
[29-Jun-2012 09:03:22] PHP Fatal error:  Uncaught Undefined variable: exception
  thrown in /mylibs/iris/trunk/library/Iris/Exceptions/ErrorHandler.php on line 72
[29-Jun-2012 09:04:27] PHP Parse error:  syntax error, unexpected ';' in /mylibs/iris/trunk/library/Iris/MVC/View.php(142) : eval()'d code on line 2
[29-Jun-2012 09:05:21] PHP Parse error:  syntax error, unexpected ';' in /mylibs/iris/trunk/library/Iris/MVC/View.php(142) : eval()'d code on line 2
[29-Jun-2012 09:09:18] PHP Parse error:  syntax error, unexpected ';' in /mylibs/iris/trunk/library/Iris/MVC/View.php(142) : eval()'d code on line 2
[29-Jun-2012 09:09:30] PHP Parse error:  syntax error, unexpected ';' in /mylibs/iris/trunk/library/Iris/MVC/View.php(142) : eval()'d code on line 2
[29-Jun-2012 09:09:53] PHP Parse error:  syntax error, unexpected ';' in /mylibs/iris/trunk/library/Iris/MVC/View.php(142) : eval()'d code on line 2
[29-Jun-2012 09:10:32] PHP Parse error:  syntax error, unexpected ';' in /mylibs/iris/trunk/library/Iris/MVC/View.php(142) : eval()'d code on line 2
[29-Jun-2012 09:10:35] PHP Parse error:  syntax error, unexpected ';' in /mylibs/iris/trunk/library/Iris/MVC/View.php(142) : eval()'d code on line 2
[29-Jun-2012 09:11:31] PHP Parse error:  syntax error, unexpected ';' in /mylibs/iris/trunk/library/Iris/MVC/View.php(142) : eval()'d code on line 2
[29-Jun-2012 09:11:40] PHP Parse error:  syntax error, unexpected ';' in /mylibs/iris/trunk/library/Iris/MVC/View.php(142) : eval()'d code on line 2
[29-Jun-2012 09:15:39] PHP Parse error:  syntax error, unexpected ';' in /mylibs/iris/trunk/library/Iris/MVC/View.php(142) : eval()'d code on line 2
[29-Jun-2012 09:16:27] PHP Parse error:  syntax error, unexpected ';' in /mylibs/iris/trunk/library/Iris/MVC/View.php(142) : eval()'d code on line 2
[29-Jun-2012 09:16:29] PHP Parse error:  syntax error, unexpected ';' in /mylibs/iris/trunk/library/Iris/MVC/View.php(142) : eval()'d code on line 2
[29-Jun-2012 09:16:51] PHP Parse error:  syntax error, unexpected ';' in /mylibs/iris/trunk/library/Iris/MVC/View.php(142) : eval()'d code on line 2
[29-Jun-2012 09:16:53] PHP Parse error:  syntax error, unexpected ';' in /mylibs/iris/trunk/library/Iris/MVC/View.php(142) : eval()'d code on line 2
[29-Jun-2012 10:02:58] PHP Parse error:  syntax error, unexpected ';' in /mylibs/iris/trunk/library/Iris/MVC/View.php(142) : eval()'d code on line 2
[29-Jun-2012 10:26:17] PHP Fatal error:  Call to undefined function modules\main\controllers\strreplace() in /mylibs/iris/trunk/library/Iris/modules/main/controllers/ERROR.php on line 58
[29-Jun-2012 10:26:17] PHP Fatal error:  Call to undefined function modules\main\controllers\strreplace() in /mylibs/iris/trunk/library/Iris/modules/main/controllers/ERROR.php on line 58
[29-Jun-2012 10:26:18] PHP Fatal error:  Call to undefined function modules\main\controllers\strreplace() in /mylibs/iris/trunk/library/Iris/modules/main/controllers/ERROR.php on line 58
[29-Jun-2012 10:26:18] PHP Fatal error:  Call to undefined function modules\main\controllers\strreplace() in /mylibs/iris/trunk/library/Iris/modules/main/controllers/ERROR.php on line 58
[29-Jun-2012 10:26:20] PHP Fatal error:  Call to undefined function modules\main\controllers\strreplace() in /mylibs/iris/trunk/library/Iris/modules/main/controllers/ERROR.php on line 58
[29-Jun-2012 10:26:20] PHP Fatal error:  Call to undefined function modules\main\controllers\strreplace() in /mylibs/iris/trunk/library/Iris/modules/main/controllers/ERROR.php on line 58
[29-Jun-2012 10:26:20] PHP Fatal error:  Call to undefined function modules\main\controllers\strreplace() in /mylibs/iris/trunk/library/Iris/modules/main/controllers/ERROR.php on line 58
[29-Jun-2012 10:26:20] PHP Fatal error:  Call to undefined function modules\main\controllers\strreplace() in /mylibs/iris/trunk/library/Iris/modules/main/controllers/ERROR.php on line 58
[29-Jun-2012 11:02:37] PHP Parse error:  syntax error, unexpected T_PUBLIC in /mylibs/iris/trunk/library/Iris_WB/application/workbench/messages/French.php on line 228
[29-Jun-2012 11:02:37] PHP Fatal error:  Class '\workbench\messages\French' not found in /mylibs/iris/trunk/library/Iris_WB/application/workbench/Context.php on line 66
[30-Jun-2012 09:06:50] PHP Fatal error:  Allowed memory size of 134217728 bytes exhausted (tried to allocate 261900 bytes) in /mylibs/iris/trunk/library/Iris/Exceptions/ViewException.php on line 27
[30-Jun-2012 09:07:05] PHP Fatal error:  Allowed memory size of 134217728 bytes exhausted (tried to allocate 261900 bytes) in /mylibs/iris/trunk/library/Iris/Exceptions/ViewException.php on line 27
[30-Jun-2012 09:08:15] PHP Fatal error:  Allowed memory size of 134217728 bytes exhausted (tried to allocate 261900 bytes) in /mylibs/iris/trunk/library/Iris/Exceptions/ViewException.php on line 27
[30-Jun-2012 09:10:01] PHP Fatal error:  Allowed memory size of 134217728 bytes exhausted (tried to allocate 261900 bytes) in /mylibs/iris/trunk/library/Iris/Exceptions/ViewException.php on line 27
[30-Jun-2012 09:11:02] PHP Fatal error:  Call to undefined method Iris\Exceptions\ViewException::_viewType() in /mylibs/iris/trunk/library/Iris/Exceptions/ViewException.php on line 27
[30-Jun-2012 13:56:53] PHP Parse error:  syntax error, unexpected T_ENDFOREACH in /mylibs/iris/trunk/library/Iris/MVC/View.php(143) : eval()'d code on line 25
[30-Jun-2012 13:57:11] PHP Parse error:  syntax error, unexpected T_ENDFOREACH in /mylibs/iris/trunk/library/Iris/MVC/View.php(143) : eval()'d code on line 25
[30-Jun-2012 13:57:13] PHP Parse error:  syntax error, unexpected T_ENDFOREACH in /mylibs/iris/trunk/library/Iris/MVC/View.php(143) : eval()'d code on line 25
[30-Jun-2012 13:57:16] PHP Parse error:  syntax error, unexpected T_ENDFOREACH in /mylibs/iris/trunk/library/Iris/MVC/View.php(143) : eval()'d code on line 25
[30-Jun-2012 23:36:27] PHP Fatal error:  Method Iris\Exceptions\ViewException::__toString() must not throw an exception in /mylibs/iris/trunk/library/Iris/MVC/View.php(143) : eval()'d code on line 6
[01-Jul-2012 08:45:20] PHP Fatal error:  Method Iris\Exceptions\ViewException::__toString() must not throw an exception in /mylibs/iris/trunk/library/Iris/MVC/View.php(143) : eval()'d code on line 6
[01-Jul-2012 08:48:10] PHP Fatal error:  Method Iris\Exceptions\ViewException::__toString() must not throw an exception in /mylibs/iris/trunk/library/Iris/MVC/View.php(143) : eval()'d code on line 6
[01-Jul-2012 08:48:14] PHP Fatal error:  Method Iris\Exceptions\ViewException::__toString() must not throw an exception in /mylibs/iris/trunk/library/Iris/MVC/View.php(143) : eval()'d code on line 6
[01-Jul-2012 09:02:44] PHP Fatal error:  Call to a member function render() on a non-object in /mylibs/iris/trunk/library/Iris/MVC/View.php(143) : eval()'d code on line 2
[01-Jul-2012 09:16:38] PHP Fatal error:  Call to a member function render() on a non-object in /mylibs/iris/trunk/library/Iris/MVC/View.php(143) : eval()'d code on line 2
[01-Jul-2012 09:17:06] PHP Fatal error:  Call to a member function render() on a non-object in /mylibs/iris/trunk/library/Iris/MVC/View.php(143) : eval()'d code on line 2
[01-Jul-2012 09:18:12] PHP Fatal error:  Call to a member function render() on a non-object in /mylibs/iris/trunk/library/Iris/MVC/View.php(143) : eval()'d code on line 2
[01-Jul-2012 09:19:24] PHP Parse error:  syntax error, unexpected T_ENDFOREACH in /mylibs/iris/trunk/library/Iris/MVC/View.php(143) : eval()'d code on line 25
[01-Jul-2012 17:48:26] PHP Notice:  Undefined variable: dieMessage in /mylibs/iris/trunk/library/Iris/Engine/Loader.php on line 52
[01-Jul-2012 17:48:26] PHP Fatal error:  Class 'Iris\Exceptions\ErrorException' not found in /mylibs/iris/trunk/library/Iris/Exceptions/ErrorHandler.php on line 71
[01-Jul-2012 17:50:48] PHP Notice:  Undefined variable: dieMessage in /mylibs/iris/trunk/library/Iris/Engine/Loader.php on line 52
[01-Jul-2012 17:50:48] PHP Fatal error:  Class 'Iris\Exceptions\ErrorException' not found in /mylibs/iris/trunk/library/Iris/Exceptions/ErrorHandler.php on line 71
[01-Jul-2012 17:50:49] PHP Notice:  Undefined variable: dieMessage in /mylibs/iris/trunk/library/Iris/Engine/Loader.php on line 52
[01-Jul-2012 17:50:49] PHP Fatal error:  Class 'Iris\Exceptions\ErrorException' not found in /mylibs/iris/trunk/library/Iris/Exceptions/ErrorHandler.php on line 71
[01-Jul-2012 19:18:10] PHP Fatal error:  Call to a member function render() on a non-object in /mylibs/iris/trunk/library/Iris/MVC/View.php(143) : eval()'d code on line 2
[02-Jul-2012 09:30:39] PHP Parse error:  syntax error, unexpected '[' in /mylibs/iris/trunk/library/Iris/MVC/View.php(151) : eval()'d code on line 1
[02-Jul-2012 09:30:39] PHP Parse error:  syntax error, unexpected '[' in /mylibs/iris/trunk/library/Iris/MVC/View.php(151) : eval()'d code on line 1
[02-Jul-2012 09:30:39] PHP Parse error:  syntax error, unexpected '[' in /mylibs/iris/trunk/library/Iris/MVC/View.php(151) : eval()'d code on line 1
[02-Jul-2012 09:36:55] PHP Fatal error:  Uncaught Undefined variable: text
  thrown in /mylibs/iris/trunk/library/Iris/Exceptions/ViewException.php on line 48
[02-Jul-2012 09:36:55] PHP Fatal error:  Uncaught Undefined variable: text
  thrown in /mylibs/iris/trunk/library/Iris/Exceptions/ViewException.php on line 48
[02-Jul-2012 10:07:56] PHP Parse error:  syntax error, unexpected ';' in /mylibs/iris/trunk/library/Iris/MVC/View.php(151) : eval()'d code on line 6
[02-Jul-2012 10:07:56] PHP Parse error:  syntax error, unexpected ';' in /mylibs/iris/trunk/library/Iris/MVC/View.php(151) : eval()'d code on line 6
[02-Jul-2012 10:07:56] PHP Parse error:  syntax error, unexpected ';' in /mylibs/iris/trunk/library/Iris/MVC/View.php(151) : eval()'d code on line 6
[02-Jul-2012 10:59:17] PHP Parse error:  syntax error, unexpected ';' in /mylibs/iris/trunk/library/Iris/MVC/View.php(151) : eval()'d code on line 7
[02-Jul-2012 11:32:22] PHP Parse error:  syntax error, unexpected ';' in /mylibs/iris/trunk/library/Iris/MVC/View.php(151) : eval()'d code on line 5
[02-Jul-2012 11:32:22] PHP Parse error:  syntax error, unexpected ';' in /mylibs/iris/trunk/library/Iris/MVC/View.php(151) : eval()'d code on line 5
[02-Jul-2012 11:32:22] PHP Parse error:  syntax error, unexpected ';' in /mylibs/iris/trunk/library/Iris/MVC/View.php(151) : eval()'d code on line 5
[02-Jul-2012 11:32:40] PHP Parse error:  syntax error, unexpected ';' in /mylibs/iris/trunk/library/Iris/MVC/View.php(151) : eval()'d code on line 5
[02-Jul-2012 11:32:40] PHP Parse error:  syntax error, unexpected ';' in /mylibs/iris/trunk/library/Iris/MVC/View.php(151) : eval()'d code on line 5
[02-Jul-2012 11:32:40] PHP Parse error:  syntax error, unexpected ';' in /mylibs/iris/trunk/library/Iris/MVC/View.php(151) : eval()'d code on line 5
[02-Jul-2012 11:32:42] PHP Parse error:  syntax error, unexpected ';' in /mylibs/iris/trunk/library/Iris/MVC/View.php(151) : eval()'d code on line 5
[02-Jul-2012 11:32:42] PHP Parse error:  syntax error, unexpected ';' in /mylibs/iris/trunk/library/Iris/MVC/View.php(151) : eval()'d code on line 5
[02-Jul-2012 11:32:42] PHP Parse error:  syntax error, unexpected ';' in /mylibs/iris/trunk/library/Iris/MVC/View.php(151) : eval()'d code on line 5
[02-Jul-2012 11:32:43] PHP Parse error:  syntax error, unexpected ';' in /mylibs/iris/trunk/library/Iris/MVC/View.php(151) : eval()'d code on line 5
[02-Jul-2012 11:32:43] PHP Parse error:  syntax error, unexpected ';' in /mylibs/iris/trunk/library/Iris/MVC/View.php(151) : eval()'d code on line 5
[02-Jul-2012 11:32:43] PHP Parse error:  syntax error, unexpected ';' in /mylibs/iris/trunk/library/Iris/MVC/View.php(151) : eval()'d code on line 5
[02-Jul-2012 11:32:46] PHP Parse error:  syntax error, unexpected ';' in /mylibs/iris/trunk/library/Iris/MVC/View.php(151) : eval()'d code on line 5
[02-Jul-2012 11:32:46] PHP Parse error:  syntax error, unexpected ';' in /mylibs/iris/trunk/library/Iris/MVC/View.php(151) : eval()'d code on line 5
[02-Jul-2012 11:32:46] PHP Parse error:  syntax error, unexpected ';' in /mylibs/iris/trunk/library/Iris/MVC/View.php(151) : eval()'d code on line 5
[02-Jul-2012 13:30:57] PHP Fatal error:  Function name must be a string in /mylibs/iris/trunk/library/Iris/MVC/Loop.php on line 45
[03-Jul-2012 15:46:45] PHP Fatal error:  Call to a member function render() on a non-object in /mylibs/iris/trunk/library/Iris/MVC/View.php(151) : eval()'d code on line 2
[03-Jul-2012 16:43:34] PHP Fatal error:  Undefined class constant '_NotAfterHead' in /mylibs/iris/trunk/library/Iris/views/helpers/_ViewHelper.php on line 54
[03-Jul-2012 16:43:34] PHP Fatal error:  Undefined class constant '_NotAfterHead' in /mylibs/iris/trunk/library/Iris/views/helpers/_ViewHelper.php on line 54
[03-Jul-2012 16:43:36] PHP Fatal error:  Undefined class constant '_NotAfterHead' in /mylibs/iris/trunk/library/Iris/views/helpers/_ViewHelper.php on line 54
[03-Jul-2012 16:43:36] PHP Fatal error:  Undefined class constant '_NotAfterHead' in /mylibs/iris/trunk/library/Iris/views/helpers/_ViewHelper.php on line 54
[03-Jul-2012 16:43:38] PHP Fatal error:  Undefined class constant '_NotAfterHead' in /mylibs/iris/trunk/library/Iris/views/helpers/_ViewHelper.php on line 54
[03-Jul-2012 16:43:38] PHP Fatal error:  Undefined class constant '_NotAfterHead' in /mylibs/iris/trunk/library/Iris/views/helpers/_ViewHelper.php on line 54
[03-Jul-2012 16:43:39] PHP Fatal error:  Undefined class constant '_NotAfterHead' in /mylibs/iris/trunk/library/Iris/views/helpers/_ViewHelper.php on line 54
[03-Jul-2012 16:43:39] PHP Fatal error:  Undefined class constant '_NotAfterHead' in /mylibs/iris/trunk/library/Iris/views/helpers/_ViewHelper.php on line 54
[03-Jul-2012 16:43:39] PHP Fatal error:  Undefined class constant '_NotAfterHead' in /mylibs/iris/trunk/library/Iris/views/helpers/_ViewHelper.php on line 54
[03-Jul-2012 16:43:39] PHP Fatal error:  Undefined class constant '_NotAfterHead' in /mylibs/iris/trunk/library/Iris/views/helpers/_ViewHelper.php on line 54
[04-Jul-2012 11:58:58] PHP Fatal error:  Class Iris\Exceptions\PHPExceptions contains 1 abstract method and must therefore be declared abstract or implement the remaining methods (Iris\Exceptions\_Exception::getExceptionName) in /mylibs/iris/trunk/library/Iris/Exceptions/PHPExceptions.php on line 66
[04-Jul-2012 11:58:58] PHP Fatal error:  Class 'Iris\Exceptions\PHPExceptions' not found in /mylibs/iris/trunk/library/Iris/modules/main/controllers/ERROR.php on line 52
[04-Jul-2012 12:32:32] PHP Fatal error:  Function name must be a string in /mylibs/iris/trunk/library/Iris/Exceptions/_Exception.php on line 81
[04-Jul-2012 12:32:32] PHP Fatal error:  Function name must be a string in /mylibs/iris/trunk/library/Iris/Exceptions/_Exception.php on line 81
[04-Jul-2012 12:32:37] PHP Fatal error:  Function name must be a string in /mylibs/iris/trunk/library/Iris/Exceptions/_Exception.php on line 81
[04-Jul-2012 12:32:37] PHP Fatal error:  Function name must be a string in /mylibs/iris/trunk/library/Iris/Exceptions/_Exception.php on line 81
[04-Jul-2012 13:27:07] PHP Parse error:  syntax error, unexpected T_CONSTANT_ENCAPSED_STRING in /mylibs/iris/trunk/library/Iris/MVC/View.php(151) : eval()'d code on line 24
[04-Jul-2012 13:27:07] PHP Parse error:  syntax error, unexpected T_CONSTANT_ENCAPSED_STRING in /mylibs/iris/trunk/library/Iris/MVC/View.php(151) : eval()'d code on line 24
[04-Jul-2012 14:54:11] PHP Fatal error:  Call to a member function render() on a non-object in /mylibs/iris/trunk/library/Iris/MVC/View.php(151) : eval()'d code on line 2
[05-Jul-2012 05:56:56] PHP Fatal error:  Call to a member function render() on a non-object in /mylibs/iris/trunk/library/Iris/MVC/View.php(151) : eval()'d code on line 2
[05-Jul-2012 11:55:33] PHP Parse error:  syntax error, unexpected ';' in /mylibs/iris/trunk/library/Iris/MVC/View.php(151) : eval()'d code on line 11
[05-Jul-2012 12:10:04] PHP Fatal error:  Call to a member function addRequisite() on a non-object in /mylibs/iris/trunk/library/Dojo/views/helpers/Mask.php on line 30
[07-Jul-2012 10:53:02] PHP Fatal error:  Uncaught Undefined variable: text
  thrown in /mylibs/iris/trunk/library/Iris/Engine/Program.php on line 78
[07-Jul-2012 10:53:03] PHP Fatal error:  Uncaught Undefined variable: text
  thrown in /mylibs/iris/trunk/library/Iris/Engine/Program.php on line 78
[07-Jul-2012 10:53:04] PHP Fatal error:  Uncaught Undefined variable: text
  thrown in /mylibs/iris/trunk/library/Iris/Engine/Program.php on line 78
[07-Jul-2012 10:53:05] PHP Fatal error:  Uncaught Undefined variable: text
  thrown in /mylibs/iris/trunk/library/Iris/Engine/Program.php on line 78
[07-Jul-2012 10:53:06] PHP Fatal error:  Uncaught Undefined variable: text
  thrown in /mylibs/iris/trunk/library/Iris/Engine/Program.php on line 78
[07-Jul-2012 10:53:07] PHP Fatal error:  Uncaught Undefined variable: text
  thrown in /mylibs/iris/trunk/library/Iris/Engine/Program.php on line 78
[07-Jul-2012 10:53:07] PHP Fatal error:  Uncaught Undefined variable: text
  thrown in /mylibs/iris/trunk/library/Iris/Engine/Program.php on line 78
[07-Jul-2012 10:53:08] PHP Fatal error:  Uncaught Undefined variable: text
  thrown in /mylibs/iris/trunk/library/Iris/Engine/Program.php on line 78
[07-Jul-2012 10:53:09] PHP Fatal error:  Uncaught Undefined variable: text
  thrown in /mylibs/iris/trunk/library/Iris/Engine/Program.php on line 78
[07-Jul-2012 10:53:09] PHP Fatal error:  Uncaught Undefined variable: text
  thrown in /mylibs/iris/trunk/library/Iris/Engine/Program.php on line 78
[07-Jul-2012 10:53:10] PHP Fatal error:  Uncaught Undefined variable: text
  thrown in /mylibs/iris/trunk/library/Iris/Engine/Program.php on line 78
[07-Jul-2012 10:53:11] PHP Fatal error:  Uncaught Undefined variable: text
  thrown in /mylibs/iris/trunk/library/Iris/Engine/Program.php on line 78
[07-Jul-2012 10:53:12] PHP Fatal error:  Uncaught Undefined variable: text
  thrown in /mylibs/iris/trunk/library/Iris/Engine/Program.php on line 78
[07-Jul-2012 10:53:13] PHP Fatal error:  Uncaught Undefined variable: text
  thrown in /mylibs/iris/trunk/library/Iris/Engine/Program.php on line 78
[07-Jul-2012 10:53:14] PHP Fatal error:  Uncaught Undefined variable: text
  thrown in /mylibs/iris/trunk/library/Iris/Engine/Program.php on line 78
[07-Jul-2012 10:53:14] PHP Fatal error:  Uncaught Undefined variable: text
  thrown in /mylibs/iris/trunk/library/Iris/Engine/Program.php on line 78
[07-Jul-2012 10:53:15] PHP Fatal error:  Uncaught Undefined variable: text
  thrown in /mylibs/iris/trunk/library/Iris/Engine/Program.php on line 78
[07-Jul-2012 10:53:16] PHP Fatal error:  Uncaught Undefined variable: text
  thrown in /mylibs/iris/trunk/library/Iris/Engine/Program.php on line 78
[07-Jul-2012 10:53:17] PHP Fatal error:  Uncaught Undefined variable: text
  thrown in /mylibs/iris/trunk/library/Iris/Engine/Program.php on line 78
[07-Jul-2012 10:53:18] PHP Fatal error:  Uncaught Undefined variable: text
  thrown in /mylibs/iris/trunk/library/Iris/Engine/Program.php on line 78
[07-Jul-2012 10:53:19] PHP Fatal error:  Uncaught Undefined variable: text
  thrown in /mylibs/iris/trunk/library/Iris/Engine/Program.php on line 78
[07-Jul-2012 10:53:20] PHP Fatal error:  Uncaught Undefined variable: text
  thrown in /mylibs/iris/trunk/library/Iris/Engine/Program.php on line 78
[07-Jul-2012 10:53:21] PHP Fatal error:  Uncaught Undefined variable: text
  thrown in /mylibs/iris/trunk/library/Iris/Engine/Program.php on line 78
[07-Jul-2012 10:53:21] PHP Fatal error:  Uncaught Undefined variable: text
  thrown in /mylibs/iris/trunk/library/Iris/Engine/Program.php on line 78
[07-Jul-2012 10:53:21] PHP Fatal error:  Uncaught Undefined variable: text
  thrown in /mylibs/iris/trunk/library/Iris/Engine/Program.php on line 78
[07-Jul-2012 10:53:22] PHP Fatal error:  Uncaught Undefined variable: text
  thrown in /mylibs/iris/trunk/library/Iris/Engine/Program.php on line 78
[07-Jul-2012 10:53:22] PHP Fatal error:  Uncaught Undefined variable: text
  thrown in /mylibs/iris/trunk/library/Iris/Engine/Program.php on line 78
[07-Jul-2012 10:54:48] PHP Fatal error:  Uncaught Undefined variable: text
  thrown in /mylibs/iris/trunk/library/Iris/Engine/Program.php on line 78
[07-Jul-2012 10:54:48] PHP Fatal error:  Uncaught Undefined variable: text
  thrown in /mylibs/iris/trunk/library/Iris/Engine/Program.php on line 78
[07-Jul-2012 10:55:11] PHP Fatal error:  Uncaught Undefined variable: text
  thrown in /mylibs/iris/trunk/library/Iris/Engine/Program.php on line 78
[07-Jul-2012 10:55:34] PHP Fatal error:  Uncaught Undefined variable: text
  thrown in /mylibs/iris/trunk/library/Iris/Engine/Program.php on line 78
[07-Jul-2012 10:56:09] PHP Fatal error:  Uncaught Undefined variable: text
  thrown in /mylibs/iris/trunk/library/Iris/Engine/Program.php on line 78
[07-Jul-2012 10:56:14] PHP Fatal error:  Uncaught Undefined variable: text
  thrown in /mylibs/iris/trunk/library/Iris/Engine/Program.php on line 78
[07-Jul-2012 10:57:12] PHP Fatal error:  Uncaught Undefined variable: text
  thrown in /mylibs/iris/trunk/library/Iris/Engine/Program.php on line 78
[07-Jul-2012 10:57:16] PHP Fatal error:  Uncaught Undefined variable: text
  thrown in /mylibs/iris/trunk/library/Iris/Engine/Program.php on line 78
[07-Jul-2012 11:02:14] PHP Fatal error:  Uncaught Undefined variable: text
  thrown in /mylibs/iris/trunk/library/Iris/Engine/Program.php on line 78
[07-Jul-2012 11:02:27] PHP Fatal error:  Uncaught Undefined variable: text
  thrown in /mylibs/iris/trunk/library/Iris/Engine/Program.php on line 78
[07-Jul-2012 11:03:34] PHP Fatal error:  Uncaught Undefined variable: text
  thrown in /mylibs/iris/trunk/library/Iris/Engine/Program.php on line 76
[20-Jul-2012 06:33:18] PHP Fatal error:  Uncaught Constant IRIS_DEBUG already defined
  thrown in /mylibs/iris/trunk/library/IrisWB/application/config/00_Debug.php on line 10
[20-Jul-2012 06:42:29] PHP Notice:  Undefined variable: meassage in /mylibs/iris/trunk/library/Iris/Log.php on line 207
[20-Jul-2012 06:42:29] PHP Notice:  Undefined variable: meassage in /mylibs/iris/trunk/library/Iris/Log.php on line 207
[20-Jul-2012 06:42:29] PHP Notice:  Undefined variable: meassage in /mylibs/iris/trunk/library/Iris/Log.php on line 207
[20-Jul-2012 06:42:29] PHP Notice:  Undefined variable: meassage in /mylibs/iris/trunk/library/Iris/Log.php on line 207
[20-Jul-2012 06:42:29] PHP Notice:  Undefined variable: meassage in /mylibs/iris/trunk/library/Iris/Log.php on line 207
[20-Jul-2012 06:42:29] PHP Notice:  Undefined variable: meassage in /mylibs/iris/trunk/library/Iris/Log.php on line 207
[20-Jul-2012 06:42:29] PHP Notice:  Undefined variable: meassage in /mylibs/iris/trunk/library/Iris/Log.php on line 207
[20-Jul-2012 06:42:29] PHP Notice:  Undefined variable: meassage in /mylibs/iris/trunk/library/Iris/Log.php on line 207
[20-Jul-2012 06:42:29] PHP Fatal error:  Class 'Iris\Translation\_Translator' not found in /mylibs/iris/trunk/library/IrisWB/application/config/50_Config.php on line 2
[20-Jul-2012 17:16:24] PHP Fatal error:  Uncaught Test
  thrown in /mylibs/iris/trunk/library/IrisWB/application/config/00_Debug.php on line 3
[20-Jul-2012 17:16:24] PHP Fatal error:  Uncaught Test
  thrown in /mylibs/iris/trunk/library/IrisWB/application/config/00_Debug.php on line 3
[20-Jul-2012 17:16:24] PHP Fatal error:  Uncaught Test
  thrown in /mylibs/iris/trunk/library/IrisWB/application/config/00_Debug.php on line 3
[20-Jul-2012 17:16:24] PHP Fatal error:  Uncaught Test
  thrown in /mylibs/iris/trunk/library/IrisWB/application/config/00_Debug.php on line 3
[20-Jul-2012 17:16:24] PHP Fatal error:  Uncaught Test
  thrown in /mylibs/iris/trunk/library/IrisWB/application/config/00_Debug.php on line 3
[20-Jul-2012 17:16:24] PHP Fatal error:  Uncaught Test
  thrown in /mylibs/iris/trunk/library/IrisWB/application/config/00_Debug.php on line 3
[20-Jul-2012 17:16:24] PHP Fatal error:  Uncaught Test
  thrown in /mylibs/iris/trunk/library/IrisWB/application/config/00_Debug.php on line 3
[20-Jul-2012 17:16:24] PHP Fatal error:  Uncaught Test
  thrown in /mylibs/iris/trunk/library/IrisWB/application/config/00_Debug.php on line 3
[20-Jul-2012 17:16:24] PHP Fatal error:  Uncaught Test
  thrown in /mylibs/iris/trunk/library/IrisWB/application/config/00_Debug.php on line 3
[20-Jul-2012 17:16:24] PHP Fatal error:  Uncaught Test
  thrown in /mylibs/iris/trunk/library/IrisWB/application/config/00_Debug.php on line 3
[20-Jul-2012 17:16:24] PHP Fatal error:  Uncaught Test
  thrown in /mylibs/iris/trunk/library/IrisWB/application/config/00_Debug.php on line 3
[20-Jul-2012 17:16:24] PHP Fatal error:  Uncaught Test
  thrown in /mylibs/iris/trunk/library/IrisWB/application/config/00_Debug.php on line 3
[20-Jul-2012 17:16:24] PHP Fatal error:  Uncaught Test
  thrown in /mylibs/iris/trunk/library/IrisWB/application/config/00_Debug.php on line 3
[20-Jul-2012 17:16:24] PHP Fatal error:  Uncaught Test
  thrown in /mylibs/iris/trunk/library/IrisWB/application/config/00_Debug.php on line 3
[20-Jul-2012 17:16:24] PHP Fatal error:  Uncaught Test
  thrown in /mylibs/iris/trunk/library/IrisWB/application/config/00_Debug.php on line 3
[20-Jul-2012 17:16:24] PHP Fatal error:  Uncaught Test
  thrown in /mylibs/iris/trunk/library/IrisWB/application/config/00_Debug.php on line 3
[20-Jul-2012 17:16:24] PHP Fatal error:  Uncaught Test
  thrown in /mylibs/iris/trunk/library/IrisWB/application/config/00_Debug.php on line 3
[20-Jul-2012 17:16:24] PHP Fatal error:  Uncaught Test
  thrown in /mylibs/iris/trunk/library/IrisWB/application/config/00_Debug.php on line 3
[20-Jul-2012 17:16:24] PHP Fatal error:  Uncaught Test
  thrown in /mylibs/iris/trunk/library/IrisWB/application/config/00_Debug.php on line 3
[20-Jul-2012 17:16:24] PHP Fatal error:  Uncaught Test
  thrown in /mylibs/iris/trunk/library/IrisWB/application/config/00_Debug.php on line 3
[20-Jul-2012 17:16:24] PHP Fatal error:  Uncaught Test
  thrown in /mylibs/iris/trunk/library/IrisWB/application/config/00_Debug.php on line 3
[20-Jul-2012 17:16:26] PHP Fatal error:  Uncaught Test
  thrown in /mylibs/iris/trunk/library/IrisWB/application/config/00_Debug.php on line 3
[20-Jul-2012 17:16:26] PHP Fatal error:  Uncaught Test
  thrown in /mylibs/iris/trunk/library/IrisWB/application/config/00_Debug.php on line 3
[20-Jul-2012 17:16:26] PHP Fatal error:  Uncaught Test
  thrown in /mylibs/iris/trunk/library/IrisWB/application/config/00_Debug.php on line 3
[20-Jul-2012 17:16:26] PHP Fatal error:  Uncaught Test
  thrown in /mylibs/iris/trunk/library/IrisWB/application/config/00_Debug.php on line 3
[20-Jul-2012 17:16:26] PHP Fatal error:  Uncaught Test
  thrown in /mylibs/iris/trunk/library/IrisWB/application/config/00_Debug.php on line 3
[20-Jul-2012 17:16:26] PHP Fatal error:  Uncaught Test
  thrown in /mylibs/iris/trunk/library/IrisWB/application/config/00_Debug.php on line 3
[20-Jul-2012 17:16:26] PHP Fatal error:  Uncaught Test
  thrown in /mylibs/iris/trunk/library/IrisWB/application/config/00_Debug.php on line 3
[20-Jul-2012 17:16:26] PHP Fatal error:  Uncaught Test
  thrown in /mylibs/iris/trunk/library/IrisWB/application/config/00_Debug.php on line 3
[20-Jul-2012 17:16:26] PHP Fatal error:  Uncaught Test
  thrown in /mylibs/iris/trunk/library/IrisWB/application/config/00_Debug.php on line 3
[20-Jul-2012 17:16:26] PHP Fatal error:  Uncaught Test
  thrown in /mylibs/iris/trunk/library/IrisWB/application/config/00_Debug.php on line 3
[20-Jul-2012 17:16:26] PHP Fatal error:  Uncaught Test
  thrown in /mylibs/iris/trunk/library/IrisWB/application/config/00_Debug.php on line 3
[20-Jul-2012 17:16:26] PHP Fatal error:  Uncaught Test
  thrown in /mylibs/iris/trunk/library/IrisWB/application/config/00_Debug.php on line 3
[20-Jul-2012 17:16:26] PHP Fatal error:  Uncaught Test
  thrown in /mylibs/iris/trunk/library/IrisWB/application/config/00_Debug.php on line 3
[20-Jul-2012 17:16:26] PHP Fatal error:  Uncaught Test
  thrown in /mylibs/iris/trunk/library/IrisWB/application/config/00_Debug.php on line 3
[20-Jul-2012 17:16:26] PHP Fatal error:  Uncaught Test
  thrown in /mylibs/iris/trunk/library/IrisWB/application/config/00_Debug.php on line 3
[20-Jul-2012 17:16:26] PHP Fatal error:  Uncaught Test
  thrown in /mylibs/iris/trunk/library/IrisWB/application/config/00_Debug.php on line 3
[20-Jul-2012 17:16:26] PHP Fatal error:  Uncaught Test
  thrown in /mylibs/iris/trunk/library/IrisWB/application/config/00_Debug.php on line 3
[20-Jul-2012 17:16:26] PHP Fatal error:  Uncaught Test
  thrown in /mylibs/iris/trunk/library/IrisWB/application/config/00_Debug.php on line 3
[20-Jul-2012 17:16:26] PHP Fatal error:  Uncaught Test
  thrown in /mylibs/iris/trunk/library/IrisWB/application/config/00_Debug.php on line 3
[20-Jul-2012 17:16:26] PHP Fatal error:  Uncaught Test
  thrown in /mylibs/iris/trunk/library/IrisWB/application/config/00_Debug.php on line 3
[20-Jul-2012 17:16:26] PHP Fatal error:  Uncaught Test
  thrown in /mylibs/iris/trunk/library/IrisWB/application/config/00_Debug.php on line 3
[20-Jul-2012 17:16:38] PHP Fatal error:  Uncaught Test
  thrown in /mylibs/iris/trunk/library/IrisWB/application/config/00_Debug.php on line 3
[20-Jul-2012 17:16:38] PHP Fatal error:  Uncaught Test
  thrown in /mylibs/iris/trunk/library/IrisWB/application/config/00_Debug.php on line 3
[20-Jul-2012 17:16:38] PHP Fatal error:  Uncaught Test
  thrown in /mylibs/iris/trunk/library/IrisWB/application/config/00_Debug.php on line 3
[20-Jul-2012 17:16:38] PHP Fatal error:  Uncaught Test
  thrown in /mylibs/iris/trunk/library/IrisWB/application/config/00_Debug.php on line 3
[20-Jul-2012 17:16:38] PHP Fatal error:  Uncaught Test
  thrown in /mylibs/iris/trunk/library/IrisWB/application/config/00_Debug.php on line 3
[20-Jul-2012 17:16:38] PHP Fatal error:  Uncaught Test
  thrown in /mylibs/iris/trunk/library/IrisWB/application/config/00_Debug.php on line 3
[20-Jul-2012 17:16:38] PHP Fatal error:  Uncaught Test
  thrown in /mylibs/iris/trunk/library/IrisWB/application/config/00_Debug.php on line 3
[20-Jul-2012 17:16:38] PHP Fatal error:  Uncaught Test
  thrown in /mylibs/iris/trunk/library/IrisWB/application/config/00_Debug.php on line 3
[20-Jul-2012 17:16:38] PHP Fatal error:  Uncaught Test
  thrown in /mylibs/iris/trunk/library/IrisWB/application/config/00_Debug.php on line 3
[20-Jul-2012 17:16:38] PHP Fatal error:  Uncaught Test
  thrown in /mylibs/iris/trunk/library/IrisWB/application/config/00_Debug.php on line 3
[20-Jul-2012 17:16:38] PHP Fatal error:  Uncaught Test
  thrown in /mylibs/iris/trunk/library/IrisWB/application/config/00_Debug.php on line 3
[20-Jul-2012 17:16:38] PHP Fatal error:  Uncaught Test
  thrown in /mylibs/iris/trunk/library/IrisWB/application/config/00_Debug.php on line 3
[20-Jul-2012 17:16:38] PHP Fatal error:  Uncaught Test
  thrown in /mylibs/iris/trunk/library/IrisWB/application/config/00_Debug.php on line 3
[20-Jul-2012 17:16:38] PHP Fatal error:  Uncaught Test
  thrown in /mylibs/iris/trunk/library/IrisWB/application/config/00_Debug.php on line 3
[20-Jul-2012 17:16:38] PHP Fatal error:  Uncaught Test
  thrown in /mylibs/iris/trunk/library/IrisWB/application/config/00_Debug.php on line 3
[20-Jul-2012 17:16:38] PHP Fatal error:  Uncaught Test
  thrown in /mylibs/iris/trunk/library/IrisWB/application/config/00_Debug.php on line 3
[20-Jul-2012 17:16:38] PHP Fatal error:  Uncaught Test
  thrown in /mylibs/iris/trunk/library/IrisWB/application/config/00_Debug.php on line 3
[20-Jul-2012 17:16:38] PHP Fatal error:  Uncaught Test
  thrown in /mylibs/iris/trunk/library/IrisWB/application/config/00_Debug.php on line 3
[20-Jul-2012 17:16:38] PHP Fatal error:  Uncaught Test
  thrown in /mylibs/iris/trunk/library/IrisWB/application/config/00_Debug.php on line 3
[20-Jul-2012 17:16:38] PHP Fatal error:  Uncaught Test
  thrown in /mylibs/iris/trunk/library/IrisWB/application/config/00_Debug.php on line 3
[20-Jul-2012 17:16:38] PHP Fatal error:  Uncaught Test
  thrown in /mylibs/iris/trunk/library/IrisWB/application/config/00_Debug.php on line 3
[20-Jul-2012 17:17:39] PHP Fatal error:  Uncaught Test
  thrown in /mylibs/iris/trunk/library/IrisWB/application/config/00_Debug.php on line 3
[20-Jul-2012 17:17:39] PHP Fatal error:  Uncaught Test
  thrown in /mylibs/iris/trunk/library/IrisWB/application/config/00_Debug.php on line 3
[20-Jul-2012 17:17:39] PHP Fatal error:  Uncaught Test
  thrown in /mylibs/iris/trunk/library/IrisWB/application/config/00_Debug.php on line 3
[20-Jul-2012 17:17:39] PHP Fatal error:  Uncaught Test
  thrown in /mylibs/iris/trunk/library/IrisWB/application/config/00_Debug.php on line 3
[20-Jul-2012 17:17:39] PHP Fatal error:  Uncaught Test
  thrown in /mylibs/iris/trunk/library/IrisWB/application/config/00_Debug.php on line 3
[20-Jul-2012 17:17:39] PHP Fatal error:  Uncaught Test
  thrown in /mylibs/iris/trunk/library/IrisWB/application/config/00_Debug.php on line 3
[20-Jul-2012 17:17:39] PHP Fatal error:  Uncaught Test
  thrown in /mylibs/iris/trunk/library/IrisWB/application/config/00_Debug.php on line 3
[20-Jul-2012 17:17:39] PHP Fatal error:  Uncaught Test
  thrown in /mylibs/iris/trunk/library/IrisWB/application/config/00_Debug.php on line 3
[20-Jul-2012 17:17:39] PHP Fatal error:  Uncaught Test
  thrown in /mylibs/iris/trunk/library/IrisWB/application/config/00_Debug.php on line 3
[20-Jul-2012 17:17:39] PHP Fatal error:  Uncaught Test
  thrown in /mylibs/iris/trunk/library/IrisWB/application/config/00_Debug.php on line 3
[20-Jul-2012 17:17:39] PHP Fatal error:  Uncaught Test
  thrown in /mylibs/iris/trunk/library/IrisWB/application/config/00_Debug.php on line 3
[20-Jul-2012 17:17:39] PHP Fatal error:  Uncaught Test
  thrown in /mylibs/iris/trunk/library/IrisWB/application/config/00_Debug.php on line 3
[20-Jul-2012 17:17:39] PHP Fatal error:  Uncaught Test
  thrown in /mylibs/iris/trunk/library/IrisWB/application/config/00_Debug.php on line 3
[20-Jul-2012 17:17:39] PHP Fatal error:  Uncaught Test
  thrown in /mylibs/iris/trunk/library/IrisWB/application/config/00_Debug.php on line 3
[20-Jul-2012 17:17:39] PHP Fatal error:  Uncaught Test
  thrown in /mylibs/iris/trunk/library/IrisWB/application/config/00_Debug.php on line 3
[20-Jul-2012 17:17:39] PHP Fatal error:  Uncaught Test
  thrown in /mylibs/iris/trunk/library/IrisWB/application/config/00_Debug.php on line 3
[20-Jul-2012 17:17:39] PHP Fatal error:  Uncaught Test
  thrown in /mylibs/iris/trunk/library/IrisWB/application/config/00_Debug.php on line 3
[20-Jul-2012 17:17:39] PHP Fatal error:  Uncaught Test
  thrown in /mylibs/iris/trunk/library/IrisWB/application/config/00_Debug.php on line 3
[20-Jul-2012 17:17:39] PHP Fatal error:  Uncaught Test
  thrown in /mylibs/iris/trunk/library/IrisWB/application/config/00_Debug.php on line 3
[20-Jul-2012 17:17:39] PHP Fatal error:  Uncaught Test
  thrown in /mylibs/iris/trunk/library/IrisWB/application/config/00_Debug.php on line 3
[20-Jul-2012 17:17:39] PHP Fatal error:  Uncaught Test
  thrown in /mylibs/iris/trunk/library/IrisWB/application/config/00_Debug.php on line 3
[20-Jul-2012 17:17:41] PHP Fatal error:  Uncaught Test
  thrown in /mylibs/iris/trunk/library/IrisWB/application/config/00_Debug.php on line 3
[20-Jul-2012 17:17:41] PHP Fatal error:  Uncaught Test
  thrown in /mylibs/iris/trunk/library/IrisWB/application/config/00_Debug.php on line 3
[20-Jul-2012 17:17:41] PHP Fatal error:  Uncaught Test
  thrown in /mylibs/iris/trunk/library/IrisWB/application/config/00_Debug.php on line 3
[20-Jul-2012 17:17:41] PHP Fatal error:  Uncaught Test
  thrown in /mylibs/iris/trunk/library/IrisWB/application/config/00_Debug.php on line 3
[20-Jul-2012 17:17:41] PHP Fatal error:  Uncaught Test
  thrown in /mylibs/iris/trunk/library/IrisWB/application/config/00_Debug.php on line 3
[20-Jul-2012 17:17:41] PHP Fatal error:  Uncaught Test
  thrown in /mylibs/iris/trunk/library/IrisWB/application/config/00_Debug.php on line 3
[20-Jul-2012 17:17:41] PHP Fatal error:  Uncaught Test
  thrown in /mylibs/iris/trunk/library/IrisWB/application/config/00_Debug.php on line 3
[20-Jul-2012 17:17:41] PHP Fatal error:  Uncaught Test
  thrown in /mylibs/iris/trunk/library/IrisWB/application/config/00_Debug.php on line 3
[20-Jul-2012 17:17:41] PHP Fatal error:  Uncaught Test
  thrown in /mylibs/iris/trunk/library/IrisWB/application/config/00_Debug.php on line 3
[20-Jul-2012 17:17:41] PHP Fatal error:  Uncaught Test
  thrown in /mylibs/iris/trunk/library/IrisWB/application/config/00_Debug.php on line 3
[20-Jul-2012 17:17:41] PHP Fatal error:  Uncaught Test
  thrown in /mylibs/iris/trunk/library/IrisWB/application/config/00_Debug.php on line 3
[20-Jul-2012 17:17:41] PHP Fatal error:  Uncaught Test
  thrown in /mylibs/iris/trunk/library/IrisWB/application/config/00_Debug.php on line 3
[20-Jul-2012 17:17:41] PHP Fatal error:  Uncaught Test
  thrown in /mylibs/iris/trunk/library/IrisWB/application/config/00_Debug.php on line 3
[20-Jul-2012 17:17:41] PHP Fatal error:  Uncaught Test
  thrown in /mylibs/iris/trunk/library/IrisWB/application/config/00_Debug.php on line 3
[20-Jul-2012 17:17:41] PHP Fatal error:  Uncaught Test
  thrown in /mylibs/iris/trunk/library/IrisWB/application/config/00_Debug.php on line 3
[20-Jul-2012 17:17:41] PHP Fatal error:  Uncaught Test
  thrown in /mylibs/iris/trunk/library/IrisWB/application/config/00_Debug.php on line 3
[20-Jul-2012 17:17:41] PHP Fatal error:  Uncaught Test
  thrown in /mylibs/iris/trunk/library/IrisWB/application/config/00_Debug.php on line 3
[20-Jul-2012 17:17:41] PHP Fatal error:  Uncaught Test
  thrown in /mylibs/iris/trunk/library/IrisWB/application/config/00_Debug.php on line 3
[20-Jul-2012 17:17:41] PHP Fatal error:  Uncaught Test
  thrown in /mylibs/iris/trunk/library/IrisWB/application/config/00_Debug.php on line 3
[20-Jul-2012 17:17:41] PHP Fatal error:  Uncaught Test
  thrown in /mylibs/iris/trunk/library/IrisWB/application/config/00_Debug.php on line 3
[20-Jul-2012 17:17:41] PHP Fatal error:  Uncaught Test
  thrown in /mylibs/iris/trunk/library/IrisWB/application/config/00_Debug.php on line 3
[20-Jul-2012 18:25:34] PHP Fatal error:  Class 'Iris\Log' not found in /mylibs/iris/trunk/library/Iris/Engine/Loader.php on line 696
[21-Jul-2012 07:49:11] PHP Parse error:  syntax error, unexpected '"' in /mylibs/iris/trunk/library/Iris/Engine/Response.php on line 177
[21-Jul-2012 09:49:32] PHP Fatal error:  Undefined class constant 'self::TYP_HELPER' in /mylibs/iris/trunk/library/Iris/MVC/_Helper.php on line 129
[21-Jul-2012 09:49:51] PHP Fatal error:  Undefined class constant 'self::TYP_HELPER' in /mylibs/iris/trunk/library/Iris/MVC/_Helper.php on line 129
[21-Jul-2012 09:53:16] PHP Fatal error:  Wrong parameters for Exception([string $exception [, long $code [, Exception $previous = NULL]]]) in /mylibs/iris/trunk/library/Iris/Exceptions/_Exception.php on line 54
[21-Jul-2012 12:34:12] PHP Parse error:  syntax error, unexpected '<' in /mylibs/iris/trunk/library/IrisWB/application/modules/dojo/controllers/animation.php on line 18
[21-Jul-2012 12:46:37] PHP Parse error:  syntax error, unexpected ':', expecting ',' or ';' in /mylibs/iris/trunk/library/Iris/MVC/View.php(169) : eval()'d code on line 10
[21-Jul-2012 12:49:01] PHP Parse error:  syntax error, unexpected ':', expecting ',' or ';' in /mylibs/iris/trunk/library/Iris/MVC/View.php(169) : eval()'d code on line 10
[21-Jul-2012 12:54:25] PHP Parse error:  syntax error, unexpected ':', expecting ',' or ';' in /mylibs/iris/trunk/library/Iris/MVC/View.php(169) : eval()'d code on line 2
[21-Jul-2012 13:12:07] PHP Fatal error:  Class '\Dojo\views\helpers\Animation' not found in /mylibs/iris/trunk/library/Iris/MVC/_Helper.php on line 116
[21-Jul-2012 13:19:56] PHP Parse error:  syntax error, unexpected '{', expecting ')' in /mylibs/iris/trunk/library/Dojo/views/helpers/AutoAnimation.php on line 42
[21-Jul-2012 13:22:05] PHP Parse error:  syntax error, unexpected ';' in /mylibs/iris/trunk/library/Iris/MVC/View.php(169) : eval()'d code on line 5
[23-Jul-2012 12:29:31] PHP Fatal error:  Wrong parameters for Exception([string $exception [, long $code [, Exception $previous = NULL]]]) in /mylibs/iris/trunk/library/Iris/Exceptions/_Exception.php on line 54
[23-Jul-2012 12:31:41] PHP Fatal error:  Call to a member function render() on a non-object in /mylibs/iris/trunk/library/Iris/MVC/View.php(169) : eval()'d code on line 2
[23-Jul-2012 12:32:16] PHP Fatal error:  Call to a member function render() on a non-object in /mylibs/iris/trunk/library/Iris/MVC/View.php(169) : eval()'d code on line 2
[23-Jul-2012 12:32:58] PHP Fatal error:  Call to a member function render() on a non-object in /mylibs/iris/trunk/library/Iris/MVC/View.php(169) : eval()'d code on line 2
[23-Jul-2012 13:02:49] PHP Fatal error:  Class iris\views\helpers\Error contains 1 abstract method and must therefore be declared abstract or implement the remaining methods (Iris\Subhelpers\iRenderer::render) in /mylibs/iris/trunk/library/Iris/views/helpers/Error.php on line 121
[24-Jul-2012 17:08:32] PHP Fatal error:  Wrong parameters for Exception([string $exception [, long $code [, Exception $previous = NULL]]]) in /mylibs/iris/trunk/library/Iris/Exceptions/_Exception.php on line 52
[24-Jul-2012 19:12:12] PHP Fatal error:  Wrong parameters for Exception([string $exception [, long $code [, Exception $previous = NULL]]]) in /mylibs/iris/trunk/library/Iris/Exceptions/_Exception.php on line 52
[24-Jul-2012 19:15:08] PHP Fatal error:  Wrong parameters for Exception([string $exception [, long $code [, Exception $previous = NULL]]]) in /mylibs/iris/trunk/library/Iris/Exceptions/_Exception.php on line 53
[24-Jul-2012 19:26:37] PHP Fatal error:  Call to a member function render() on a non-object in /mylibs/iris/trunk/library/Iris/MVC/View.php(169) : eval()'d code on line 2
[25-Jul-2012 08:32:24] PHP Fatal error:  Class 'Iris\Structure\TextSequence' not found in /mylibs/iris/trunk/library/IrisWB/application/workbench/TextSequence.php on line 36
[25-Jul-2012 08:50:56] PHP Fatal error:  Access level to Iris\Structure\ArraySequence::_getURL3() must be protected (as in class Iris\Structure\_Sequence) or weaker in /mylibs/iris/trunk/library/Iris/Structure/ArraySequence.php on line 37
[25-Jul-2012 12:10:07] PHP Fatal error:  Access level to Iris\Structure\ArraySequence::$_currentURL must be protected (as in class Iris\Structure\_Sequence) or weaker in /mylibs/iris/trunk/library/Iris/Structure/ArraySequence.php on line 37
[25-Jul-2012 12:32:41] PHP Fatal error:  Cannot access  property workbench\TextSequence::$_Instance in /mylibs/iris/trunk/library/IrisWB/application/workbench/TextSequence.php on line 95
[25-Jul-2012 12:35:37] PHP Fatal error:  Access level to workbench\DBSequence::$_Instance must be protected (as in class Iris\Structure\_Sequence) or weaker in /mylibs/iris/trunk/library/IrisWB/application/workbench/DBSequence.php on line 103
[25-Jul-2012 12:36:07] PHP Fatal error:  Class 'models\TSequence' not found in /mylibs/iris/trunk/library/IrisWB/application/workbench/DBSequence.php on line 57
[25-Jul-2012 22:37:21] PHP Fatal error:  Call to undefined method workbench\DBSequence::_current() in /mylibs/iris/trunk/library/IrisWB/application/workbench/DBSequence.php on line 38
[25-Jul-2012 22:39:21] PHP Fatal error:  Call to undefined method workbench\DBSequence::_current() in /mylibs/iris/trunk/library/IrisWB/application/workbench/DBSequence.php on line 38
[25-Jul-2012 23:13:29] PHP Parse error:  syntax error, unexpected '}', expecting '=' in /mylibs/iris/trunk/library/IrisWB/application/models/TSequence.php on line 91
[26-Jul-2012 14:02:42] PHP Fatal error:  Call to undefined method workbench\TextSequence::current() in /mylibs/iris/trunk/library/IrisWB/application/workbench/TextSequence.php on line 79
[27-Jul-2012 08:21:19] PHP Fatal error:  Abstract function Iris\Structure\_Sequence::getNext() cannot contain body in /mylibs/iris/trunk/library/Iris/Structure/_Sequence.php on line 120
[27-Jul-2012 08:25:35] PHP Fatal error:  Class workbench\DBSequence contains 2 abstract methods and must therefore be declared abstract or implement the remaining methods (Iris\Structure\_Sequence::_getPrevious, Iris\Structure\_Sequence::_getNext) in /mylibs/iris/trunk/library/IrisWB/application/workbench/DBSequence.php on line 91
[27-Jul-2012 08:27:23] PHP Fatal error:  Call to undefined method workbench\DBSequence::current() in /mylibs/iris/trunk/library/IrisWB/application/workbench/DBSequence.php on line 38
[27-Jul-2012 15:38:08] PHP Fatal error:  Function name must be a string in /mylibs/iris/trunk/library/IrisWB/application/config/15_Test.php on line 3
[27-Jul-2012 15:40:06] PHP Fatal error:  Uncaught Iris\Structure\DBSequence:: : can't find this class
  thrown in /mylibs/iris/trunk/library/Iris/Engine/Loader.php on line 527
[27-Jul-2012 15:43:17] PHP Fatal error:  Uncaught Iris\Structure\DBSequence:: : can't find this class
  thrown in /mylibs/iris/trunk/library/Iris/Engine/Loader.php on line 527
[27-Jul-2012 15:43:19] PHP Fatal error:  Uncaught Iris\Structure\DBSequence:: : can't find this class
  thrown in /mylibs/iris/trunk/library/Iris/Engine/Loader.php on line 527
[27-Jul-2012 16:10:45] PHP Fatal error:  Uncaught Iris\Structure\DBSequence:: : can't find this class
  thrown in /mylibs/iris/trunk/library/Iris/Engine/Loader.php on line 527
[27-Jul-2012 16:11:10] PHP Fatal error:  Uncaught Iris\Structure\DBSequence:: : can't find this class
  thrown in /mylibs/iris/trunk/library/Iris/Engine/Loader.php on line 527
[27-Jul-2012 16:11:12] PHP Fatal error:  Uncaught Iris\Structure\DBSequence:: : can't find this class
  thrown in /mylibs/iris/trunk/library/Iris/Engine/Loader.php on line 527
[27-Jul-2012 16:11:34] PHP Fatal error:  Uncaught Iris\Structure\DBSequence:: : can't find this class
  thrown in /mylibs/iris/trunk/library/Iris/Engine/Loader.php on line 527
[27-Jul-2012 16:11:35] PHP Fatal error:  Uncaught Iris\Structure\DBSequence:: : can't find this class
  thrown in /mylibs/iris/trunk/library/Iris/Engine/Loader.php on line 527
[27-Jul-2012 16:11:54] PHP Fatal error:  Uncaught Undefined variable: array
  thrown in /mylibs/iris/trunk/library/IrisWB/application/config/15_Test.php on line 6
[27-Jul-2012 16:12:56] PHP Parse error:  syntax error, unexpected ';' in /mylibs/iris/trunk/library/IrisWB/application/config/15_Test.php on line 6
[27-Jul-2012 16:17:45] PHP Fatal error:  Uncaught Work bench URL unknown
  thrown in /mylibs/iris/trunk/library/Iris/Structure/DBSequence.php on line 53
[28-Jul-2012 06:33:01] PHP Fatal error:  Call to undefined method Iris\Structure\DBSequence::getFirst() in /mylibs/iris/trunk/library/IrisWB/application/config/15_Test.php on line 6
[28-Jul-2012 06:50:00] PHP Fatal error:  Uncaught Undefined variable: currentId
  thrown in /mylibs/iris/trunk/library/IrisWB/application/models/TSequence.php on line 115
[28-Jul-2012 06:51:01] PHP Fatal error:  Uncaught Object of class Iris\DB\Object could not be converted to string
  thrown in /mylibs/iris/trunk/library/Iris/DB/Dialects/MyPDOStatement.php on line 85
[28-Jul-2012 07:00:06] PHP Fatal error:  Uncaught Object of class Iris\DB\Object could not be converted to string
  thrown in /mylibs/iris/trunk/library/Iris/DB/Dialects/MyPDOStatement.php on line 85
[28-Jul-2012 07:04:39] PHP Fatal error:  Uncaught Object of class Iris\DB\Object could not be converted to string
  thrown in /mylibs/iris/trunk/library/Iris/DB/Dialects/MyPDOStatement.php on line 86
[28-Jul-2012 07:05:32] PHP Fatal error:  Uncaught Object of class Iris\DB\Object could not be converted to string
  thrown in /mylibs/iris/trunk/library/Iris/DB/Dialects/MyPDOStatement.php on line 86
[28-Jul-2012 07:05:45] PHP Fatal error:  Uncaught Object of class Iris\DB\Object could not be converted to string
  thrown in /mylibs/iris/trunk/library/Iris/DB/Dialects/MyPDOStatement.php on line 86
[28-Jul-2012 07:07:13] PHP Parse error:  syntax error, unexpected '(' in /mylibs/iris/trunk/library/IrisWB/application/config/15_Test.php on line 6
[28-Jul-2012 07:07:21] PHP Fatal error:  Uncaught Undefined variable: currentId
  thrown in /mylibs/iris/trunk/library/IrisWB/application/models/TSequence.php on line 109
[28-Jul-2012 07:08:57] PHP Fatal error:  Uncaught Trying to get property of non-object
  thrown in /mylibs/iris/trunk/library/IrisWB/application/models/TSequence.php on line 127
[28-Jul-2012 07:14:02] PHP Fatal error:  Class 'Iris\Structure\TSequence' not found in /mylibs/iris/trunk/library/IrisWB/application/models/TSequence.php on line 39
[28-Jul-2012 07:14:28] PHP Fatal error:  Uncaught Trying to get property of non-object
  thrown in /mylibs/iris/trunk/library/Iris/Structure/TSequence.php on line 127
[28-Jul-2012 07:20:48] PHP Fatal error:  Uncaught Trying to get property of non-object
  thrown in /mylibs/iris/trunk/library/Iris/Structure/TSequence.php on line 127
[28-Jul-2012 07:22:11] PHP Parse error:  syntax error, unexpected '=' in /mylibs/iris/trunk/library/Iris/Structure/TSequence.php on line 125
[28-Jul-2012 07:22:25] PHP Fatal error:  Arrays are not allowed in class constants in /mylibs/iris/trunk/library/Iris/views/helpers/Button.php on line 22
[28-Jul-2012 07:31:22] PHP Fatal error:  Undefined class constant 'NOLINK' in /mylibs/iris/trunk/library/Iris/Structure/TSequence.php on line 125
[28-Jul-2012 07:31:43] PHP Fatal error:  Uncaught Trying to get property of non-object
  thrown in /mylibs/iris/trunk/library/Iris/Structure/TSequence.php on line 127
[28-Jul-2012 09:01:43] PHP Fatal error:  Using $this when not in object context in /mylibs/iris/trunk/library/Iris/Structure/TSequence.php on line 78
[28-Jul-2012 09:16:08] PHP Fatal error:  Call to a member function render() on a non-object in /mylibs/iris/trunk/library/Iris/MVC/View.php(169) : eval()'d code on line 2
[28-Jul-2012 09:43:04] PHP Fatal error:  Class 'Iris\Structure\_TSequence' not found in /mylibs/iris/trunk/library/IrisWB/application/models/TSequence.php on line 39
[28-Jul-2012 09:51:19] PHP Fatal error:  Class 'workbench\DBSequence' not found in /mylibs/iris/trunk/library/IrisWB/application/modules/main/views/helpers/WbExplain.php on line 39
[28-Jul-2012 09:51:43] PHP Fatal error:  Class 'workbench\DBSequence' not found in /mylibs/iris/trunk/library/IrisWB/application/modules/main/views/helpers/WbExplain.php on line 39
[28-Jul-2012 09:52:15] PHP Fatal error:  Class 'workbench\DBSequence' not found in /mylibs/iris/trunk/library/IrisWB/application/modules/main/views/helpers/WbExplain.php on line 39
[28-Jul-2012 09:54:49] PHP Fatal error:  Class Iris\Structure\ArraySequence contains 1 abstract method and must therefore be declared abstract or implement the remaining methods (Iris\Structure\_Sequence::getContext) in /mylibs/iris/trunk/library/Iris/Structure/ArraySequence.php on line 163
[28-Jul-2012 09:55:50] PHP Fatal error:  Class Iris\Structure\ArraySequence contains 1 abstract method and must therefore be declared abstract or implement the remaining methods (Iris\Structure\_Sequence::getContext) in /mylibs/iris/trunk/library/Iris/Structure/ArraySequence.php on line 163
[28-Jul-2012 09:55:52] PHP Fatal error:  Class Iris\Structure\ArraySequence contains 1 abstract method and must therefore be declared abstract or implement the remaining methods (Iris\Structure\_Sequence::getContext) in /mylibs/iris/trunk/library/Iris/Structure/ArraySequence.php on line 163
[28-Jul-2012 10:00:04] PHP Fatal error:  Class 'Iris\Structure\Context' not found in /mylibs/iris/trunk/library/Iris/Structure/ArraySequence.php on line 172
[29-Jul-2012 17:55:16] PHP Fatal error:  Class 'Iris\Structure\Context' not found in /mylibs/iris/trunk/library/Iris/Structure/ArraySequence.php on line 172
[29-Jul-2012 18:59:24] PHP Fatal error:  Declaration of Iris\Structure\ArraySequence::getContext() must be compatible with that of Iris\Structure\_Sequence::getContext() in /mylibs/iris/trunk/library/Iris/Structure/ArraySequence.php on line 176
[29-Jul-2012 19:01:35] PHP Fatal error:  Class 'Iris\Structure\Context' not found in /mylibs/iris/trunk/library/Iris/Structure/ArraySequence.php on line 172
[29-Jul-2012 19:02:10] PHP Fatal error:  Access to undeclared static property: Iris\views\helpers\Button::$NNOLINK in /mylibs/iris/trunk/library/Iris/Structure/_Sequence.php on line 105
[29-Jul-2012 19:03:40] PHP Fatal error:  Access to undeclared static property: Iris\views\helpers\Button::$NOLINK in /mylibs/iris/trunk/library/Iris/Structure/_Sequence.php on line 105
[29-Jul-2012 19:11:17] PHP Fatal error:  Declaration of Iris\Structure\ArraySequence::getContext() must be compatible with that of Iris\Structure\_Sequence::getContext() in /mylibs/iris/trunk/library/Iris/Structure/ArraySequence.php on line 37
[29-Jul-2012 19:11:37] PHP Fatal error:  Declaration of Iris\Structure\DBSequence::getContext() must be compatible with that of Iris\Structure\_Sequence::getContext() in /mylibs/iris/trunk/library/Iris/Structure/DBSequence.php on line 111
[30-Jul-2012 10:27:38] PHP Fatal error:  Declaration of Iris\Structure\DBSequence::getMessage() must be compatible with that of Iris\Structure\iExplanationProvider::getMessage() in /mylibs/iris/trunk/library/Iris/Structure/DBSequence.php on line 34
[30-Jul-2012 10:27:54] PHP Fatal error:  Class Iris\Structure\DBSequence contains 1 abstract method and must therefore be declared abstract or implement the remaining methods (Iris\Structure\_Sequence::_getExplanationProvider) in /mylibs/iris/trunk/library/Iris/Structure/DBSequence.php on line 113
[30-Jul-2012 10:30:01] PHP Fatal error:  Class name must be a valid object or a string in /mylibs/iris/trunk/library/Iris/Structure/ArraySequence.php on line 177
[31-Jul-2012 08:40:10] PHP Fatal error:  Uncaught Trying to get property of non-object
  thrown in /mylibs/iris/trunk/library/Iris/Structure/_TSequence.php on line 139
[31-Jul-2012 08:41:40] PHP Fatal error:  Uncaught models\TSections : can't find this class
  thrown in /mylibs/iris/trunk/library/Iris/Engine/Loader.php on line 527
[31-Jul-2012 08:56:45] PHP Fatal error:  Uncaught Trying to get property of non-object
  thrown in /mylibs/iris/trunk/library/Iris/Structure/_TSequence.php on line 147
[31-Jul-2012 09:06:15] PHP Fatal error:  Uncaught Undefined variable: groupName
  thrown in /mylibs/iris/trunk/library/Iris/Structure/_TSequence.php on line 142
[31-Jul-2012 09:16:37] PHP Fatal error:  Uncaught Undefined variable: groupName
  thrown in /mylibs/iris/trunk/library/Iris/Structure/_TSequence.php on line 142
[31-Jul-2012 09:16:39] PHP Fatal error:  Uncaught Undefined variable: groupName
  thrown in /mylibs/iris/trunk/library/Iris/Structure/_TSequence.php on line 142
[31-Jul-2012 09:22:47] PHP Fatal error:  Call to a member function render() on a non-object in /mylibs/iris/trunk/library/Iris/MVC/View.php(169) : eval()'d code on line 2
[31-Jul-2012 10:55:06] PHP Fatal error:  Uncaught Undefined index: sections_
  thrown in /mylibs/iris/trunk/library/Iris/DB/Object.php on line 163
[31-Jul-2012 11:04:47] PHP Fatal error:  Uncaught array_combine() [<a href='function.array-combine'>function.array-combine</a>]: Both parameters should have an equal number of elements
  thrown in /mylibs/iris/trunk/library/Iris/DB/Object.php on line 165
[01-Aug-2012 07:23:18] PHP Fatal error:  Uncaught models\models\TSections : can't find this class
  thrown in /mylibs/iris/trunk/library/Iris/Engine/Loader.php on line 527
[01-Aug-2012 07:23:58] PHP Fatal error:  Uncaught models\models\TSections : can't find this class
  thrown in /mylibs/iris/trunk/library/Iris/Engine/Loader.php on line 527
[01-Aug-2012 07:24:13] PHP Fatal error:  Class 'TSections' not found in /mylibs/iris/trunk/library/IrisWB/application/config/15_Test.php on line 4
[01-Aug-2012 07:24:34] PHP Fatal error:  Uncaught models\models\TSections : can't find this class
  thrown in /mylibs/iris/trunk/library/Iris/Engine/Loader.php on line 527
[01-Aug-2012 07:29:49] PHP Fatal error:  Uncaught models\models\TSections : can't find this class
  thrown in /mylibs/iris/trunk/library/Iris/Engine/Loader.php on line 527
[01-Aug-2012 07:36:15] PHP Fatal error:  Uncaught models\models\TSections : can't find this class
  thrown in /mylibs/iris/trunk/library/Iris/Engine/Loader.php on line 527
[01-Aug-2012 07:37:36] PHP Fatal error:  Uncaught models\models\TSections : can't find this class
  thrown in /mylibs/iris/trunk/library/Iris/Engine/Loader.php on line 527
[01-Aug-2012 07:37:38] PHP Fatal error:  Uncaught models\models\TSections : can't find this class
  thrown in /mylibs/iris/trunk/library/Iris/Engine/Loader.php on line 527
[01-Aug-2012 08:04:10] PHP Fatal error:  Call to undefined method Iris\DB\MetaItem::serialize() in /mylibs/iris/trunk/library/Iris/DB/Metadata.php on line 209
[02-Aug-2012 08:00:52] PHP Parse error:  syntax error, unexpected T_STRING in /mylibs/iris/trunk/library/Iris/DB/Metadata.php on line 138
[02-Aug-2012 08:01:08] PHP Fatal error:  Cannot use object of type Iris\DB\Metadata as array in /mylibs/iris/trunk/library/Iris/DB/Dialects/Em_PDOSQLite.php on line 121
[02-Aug-2012 08:08:16] PHP Fatal error:  Cannot use object of type Iris\DB\Metadata as array in /mylibs/iris/trunk/library/Iris/DB/Dialects/Em_PDOSQLite.php on line 121
[02-Aug-2012 08:09:09] PHP Fatal error:  Cannot use object of type Iris\DB\Metadata as array in /mylibs/iris/trunk/library/Iris/DB/_Entity.php on line 609
[02-Aug-2012 12:00:43] PHP Fatal error:  Call to undefined method Iris\DB\ForeignKey::setNumber() in /mylibs/iris/trunk/library/Iris/DB/Metadata.php on line 100
[02-Aug-2012 13:28:15] PHP Fatal error:  Uncaught Undefined offset: 1
  thrown in /mylibs/iris/trunk/library/Iris/DB/Metadata.php on line 170
[02-Aug-2012 13:29:01] PHP Fatal error:  Uncaught Unknown field in metadata
  thrown in /mylibs/iris/trunk/library/Iris/DB/Metadata.php on line 89
[02-Aug-2012 13:29:30] PHP Fatal error:  Uncaught Unknown field in metadata
  thrown in /mylibs/iris/trunk/library/Iris/DB/Metadata.php on line 89
[02-Aug-2012 13:30:20] PHP Parse error:  syntax error, unexpected T_VARIABLE in /mylibs/iris/trunk/library/Iris/DB/Metadata.php on line 89
[02-Aug-2012 13:30:33] PHP Fatal error:  Uncaught Unknown field in metadata:section_id
  thrown in /mylibs/iris/trunk/library/Iris/DB/Metadata.php on line 89
[02-Aug-2012 13:33:38] PHP Fatal error:  Uncaught Unknown field in metadata:section_id
  thrown in /mylibs/iris/trunk/library/Iris/DB/Metadata.php on line 89
[02-Aug-2012 13:33:54] PHP Fatal error:  Uncaught Unknown field in metadata:section_id
  thrown in /mylibs/iris/trunk/library/Iris/DB/Metadata.php on line 89
[02-Aug-2012 13:34:00] PHP Fatal error:  Uncaught Unknown field in metadata : section_id
  thrown in /mylibs/iris/trunk/library/Iris/DB/Metadata.php on line 89
[02-Aug-2012 13:35:56] PHP Fatal error:  Uncaught Undefined index: section_id
  thrown in /mylibs/iris/trunk/library/Iris/DB/Metadata.php on line 112
[02-Aug-2012 13:43:13] PHP Fatal error:  Uncaught Undefined index: section_id
  thrown in /mylibs/iris/trunk/library/Iris/DB/Metadata.php on line 112
[02-Aug-2012 13:44:28] PHP Fatal error:  Uncaught Undefined index: section_id
  thrown in /mylibs/iris/trunk/library/Iris/DB/Metadata.php on line 113
[02-Aug-2012 13:46:36] PHP Fatal error:  Uncaught Undefined index: section_id
  thrown in /mylibs/iris/trunk/library/Iris/DB/Metadata.php on line 113
[02-Aug-2012 13:47:36] PHP Fatal error:  Uncaught Undefined offset: 1
  thrown in /mylibs/iris/trunk/library/Iris/DB/Metadata.php on line 171
[02-Aug-2012 13:48:06] PHP Fatal error:  Uncaught Undefined offset: 1
  thrown in /mylibs/iris/trunk/library/Iris/DB/Metadata.php on line 170
[02-Aug-2012 13:50:03] PHP Fatal error:  Uncaught Undefined offset: 1
  thrown in /mylibs/iris/trunk/library/Iris/DB/Metadata.php on line 170
[02-Aug-2012 14:07:39] PHP Fatal error:  Uncaught Undefined offset: 3
  thrown in /mylibs/iris/trunk/library/Iris/DB/ForeignKey.php on line 112
[02-Aug-2012 14:08:04] PHP Fatal error:  Uncaught Undefined index: from
  thrown in /mylibs/iris/trunk/library/Iris/DB/Metadata.php on line 112
[02-Aug-2012 14:10:18] PHP Fatal error:  Uncaught Undefined index: section_id2
  thrown in /mylibs/iris/trunk/library/Iris/DB/Metadata.php on line 112
[03-Aug-2012 09:28:30] PHP Fatal error:  Uncaught Undefined property: Iris\DB\DataBrowser\AutoEntity::$_foreignKeys
  thrown in /mylibs/iris/trunk/library/Iris/DB/_Entity.php on line 623
